+ directory-metadata
+ whoami
saulius
+ hostname -f
starta
+ pwd
/home/saulius/struct/cod-graph-ml/data
+ set +x
+ svnversion
7M
+ svn info
Path: .
Working Copy Root Path: /home/saulius/struct/cod-graph-ml
URL: svn://www.crystallography.net/cod-graph-ml/trunk/data
Relative URL: ^/trunk/data
Repository Root: svn://www.crystallography.net/cod-graph-ml
Repository UUID: ebace813-ade4-4c03-bc8c-deabe962ed7d
Revision: 7
Node Kind: directory
Schedule: normal
Last Changed Author: Saulius_Grazulis
Last Changed Rev: 7
Last Changed Date: 2023-12-06 17:25:58 +0200 (Wed, 06 Dec 2023)

+ df -h .
Filesystem      Size  Used Avail Use% Mounted on
/dev/nvme1n1p1  1,9T  1,2T  632G  65% /home
+ type osname
osname is /home/saulius/scripts/osname
+ osname
Linuxmint-20.3
+ uname -a
Linux starta 5.15.0-78-generic #85~20.04.1-Ubuntu SMP Mon Jul 17 09:42:39 UTC 2023 x86_64 x86_64 x86_64 GNU/Linux
+ date
2023-12-06T17:32:31 EET
+ perl -pe 's/\t/,/'
++ awk -F, 'NR > 1 {print $1}' crystals-with-3486-distances.csv
++ awk -F_ '{print $1}'
++ tr '\n' ,
++ sed 's/,$//'
+ mysql -u cod_reader -h sql.crystallography.net cod -e 'select file, sgNumber from data where file in (1000002,1000003,1000007,1000008,1000009,1000010,1000011,1000012,1000013,1000014,1000015,1000016,1000017,1000022,1000023,1000024,1000025,1000026,1000027,1000029,1000030,1000032,1000033,1000037,1000038,1000040,1000045,1000047,1000048,1000051,1000054,1000058,1000059,1000061,1000062,1000064,1000065,1000066,1000067,1000068,1000069,1000070,1000071,1000072,1000075,1000079,1000081,1000082,1000083,1000084,1000088,1000089,1000093,1000094,1000097,1000098,1000099,1000101,1000102,1000105,1000108,1000109,1000112,1000113,1000116,1000117,1000118,1000119,1000120,1000121,1000122,1000124,1000125,1000126,1000127,1000129,1000130,1000131,1000133,1000135,1000136,1000137,1000138,1000139,1000140,1000141,1000142,1000143,1000145,1000146,1000147,1000148,1000149,1000150,1000151,1000152,1000153,1000154,1000157,1000158,1000159,1000160,1000161,1000162,1000164,1000165,1000166,1000167,1000174,1000178,1000179,1000180,1000181,1000183,1000184,1000185,1000186,1000191,1000192,1000193,1000194,1000197,1000198,1000199,1000201,1000202,1000204,1000205,1000206,1000207,1000208,1000214,1000215,1000216,1000219,1000221,1000222,1000229,1000230,1000231,1000232,1000233,1000234,1000239,1000242,1000243,1000244,1000245,1000246,1000247,1000248,1000249,1000251,1000253,1000254,1000255,1000260,1000261,1000264,1000265,1000266,1000270,1000272,1000280,1000283,1000286,1000287,1000289,1000290,1000291,1000292,1000295,1000296,1000298,1000300,1000301,1000302,1000303,1000304,1000305,1000306,7206029,1000311,1000312,1000313,1000314,1000315,1000316,1000317,1000318,1000320,1000326,7206024,1000329,1000330,1000331,1000332,1000334,1000335,1000336,1000337,1000338,1000341,1000346,1000348,7206020,1000355,7206018,1000357,1000362,1000363,1000364,1000365,1000366,1000367,1000368,1000372,1000373,1000376,1000378,1000379,1000389,1000390,1000391,1000394,1000402,1000403,1000408,1000409,1000410,1000414,1000416,1000417,1000419,1000420,1000421,1000422,1000425,1000426,1000427,1000428,1000429,1000430,1000431,1000432,1000433,1000439,1000440,1000442,1000445,1000447,1000448,1000449,1000452,7205998,1000453,1000454,1000455,1000456,1000457,7205996,1000459,1000460,1000467,1000468,1000472,1000473,1000476,1000477,1000478,1000479,1000480,1000481,1000482,1000484,1000486,1000487,1000488,1000492,1000496,1000497,1000498,1000502,1000504,1001007,1001011,1001022,1001023,1001024,1001036,1001038,1001053,1001055,1001056,1001065,1001072,1001074,1001075,1001076,1001077,1001078,1001081,1001082,1001083,1001084,1001085,1001086,1001087,1001088,1001090,7205965,1001091,1001096,1001109,1001110,1001111,1001112,1001113,1001114,1001115,1001116,1001117,1001123,1001127,1001129,1001130,1001135,1001144,1001150,1001151,7205951,1001159,1001161,1001162,1001173,1001180,1001196,1001197,1001201,1001202,1001205,1001206,1001207,1001209,1001219,1001221,1001222,1001224,1001233,1001234,1001238,1001239,1001240,1001241,1001242,1001243,1001244,1001245,1001246,1001247,1001248,1001249,1001250,7151832,1001257,7151830,1001269,1001271,1001272,1001273,1001280,1001286,1001287,1001294,1001295,1001296,1001297,1001305,1001306,1001307,1001308,1001309,1001310,1001311,1001312,1001313,1001314,1001315,1001316,1001318,1001319,7151819,1001327,1001328,1001329,1001331,1001332,1001335,1001336,1001338,1001340,1001341,1001345,1001347,1001352,1001356,1001359,1001360,1001369,1001370,1001372,1001374,1001375,1001380,1001382,1001384,1001385,7151806,1001386,1001388,1001389,7151805,1001390,1001391,1001394,1001397,1001398,1001399,1001400,1001401,1001402,1001405,1001408,1001410,1001413,1001425,1001427,1001428,1001430,1001434,1001435,1001436,1001437,1001439,1001440,1001443,1001444,1001445,1001446,1001448,1001451,1001452,1001453,1001454,1001455,1001456,1001457,7151791,1001463,1001464,1001465,1001466,1001467,1001468,1001472,1001473,1001474,1001475,1001476,7151786,1001499,1001501,1001502,1001503,1001504,1001505,7151781,1001511,1001517,1001519,1001530,1001534,1001537,1001539,1001542,1001544,1001553,1001554,1001564,1001565,1001566,1001569,1001570,1001592,1001596,1001598,1001599,1001604,1001613,1001614,1001617,7151755,1001618,1001620,7151754,1001625,1001626,1001627,1001628,1001635,7151751,7151750,1001642,1001646,1001649,1001651,1001653,1001655,1001661,1001662,1001663,1001664,1001665,7151745,1001669,1001670,7151744,1001675,1001676,1001681,1001682,1001684,1001685,1001688,1001691,1001693,1001699,1001704,1001705,7151737,1001706,1001707,7151736,1001708,1001711,1001712,1001714,1001715,1001722,1001726,1001727,1001728,1001729,1001730,1001731,1001734,1001735,1001736,1001737,1001738,1001739,1001744,1001745,1001746,1001750,1001751,1001765,1001767,1001768,1001769,1001770,1001771,1001772,1001773,1001774,1001780,1001781,1001782,1001783,1001785,1001786,1001787,1001788,7052618,1001799,1001800,1001801,1001802,1001805,7052612,1001820,1001823,1001824,1001825,1001826,1001827,1001828,1001833,1001834,1001835,7052608,1001837,1001838,1001844,1001846,1001847,1001848,1001849,1001850,1001851,1001856,1004000,1004008,1004009,1004010,1004012,1004019,1004020,1004021,1004022,1004023,1004034,1004036,1004038,1004039,1004041,1004042,1004043,1004044,1004047,1004048,1004051,1004052,1004057,1004058,1004059,1004060,1004064,1004065,1004067,1004069,1004070,1004072,1004080,1004084,1004086,1004096,1004100,1004104,1004105,1004106,1004107,1004108,1004112,1004113,1004114,1004116,1004117,1004119,7205915,1004124,1004125,7205914,1004127,7205913,1004132,1004133,1004143,1004145,1004149,1005000,1005001,1005003,1005004,1005006,1005007,1005008,1005009,1005010,1005011,1005013,1005014,1005015,1005016,1005017,1005021,1005022,1005024,1005025,1005026,1005027,1005028,1005029,1005030,1005031,1005032,1005035,1005036,1005038,7015688,1005039,1005040,1005041,7015687,1005043,1005045,1005046,7015686,1005047,1005048,1005050,7015685,1005051,1005052,1005054,1005055,7015684,1005056,1005057,1005058,7015683,1005059,7015682,1006010,1006011,1006023,1006024,1006025,1006026,1006027,1006028,1006029,1006030,1006031,1006034,1006035,1006036,1006037,1006038,1006039,1006040,1006041,1006042,1006043,1006044,1006045,1006046,1006051,1006052,1006053,1006054,1006055,1006056,1006057,1006058,1006059,1006060,1006061,1006062,1006064,1006072,1006073,1006081,1006082,1006083,1006084,1006085,1006086,1006087,1006088,1006089,1006090,1006091,1006097,1006098,1006099,1006100,1006101,1006102,1006103,1006104,1006105,1006106,1006111,1006112,1006117,1006128,1006129,1006130,1006131,1006132,1006133,1006134,1006139,1006140,1006141,1006142,1006143,1006163,1006164,1006169,1006170,1006171,1006172,1006173,1006174,1006175,1006176,1006178,1006179,1006180,1006181,1006182,7015641,1007001,1007002,1007008,1007009,1007011,1007012,1007013,1007015,1007016,1007017,1007020,1007021,1007022,1007023,1007024,1007025,1007026,1007028,1007029,7015635,1007030,1007031,1007032,1007035,1007037,1007038,1007042,1007043,1007045,7015632,1007050,1007051,1007052,1007053,7015631,1007054,1007055,1007056,1007057,1007059,1007060,1007061,1007062,1007065,1007071,1007079,1007080,1007083,1007084,1007087,1007088,1007090,1007093,1007095,1007096,1007097,1007098,1007099,1007133,1007134,1007136,1007137,1007138,1007141,1007143,1007144,1007147,1007148,1007149,1007150,1007151,1007153,1007157,1007160,1007161,1007170,1007171,1007172,1007173,1007175,1007176,1007181,1007182,1007183,1007186,1007187,1007190,1007191,1007192,1007194,1007196,1007198,1007206,1007208,1007209,1007211,1007213,1007216,1007220,7015601,1007222,1007224,1007226,1007227,1007229,1007231,7015599,1007232,1007234,1007236,1007237,1007238,1007239,1007241,1007242,1007245,1007247,1007248,1007251,1007253,1007254,1007257,1007262,1007263,7015593,1007266,1008000,7015592,1008002,1008003,1008004,7015591,1008005,1008006,1008007,1008008,1008013,1008015,1008016,1008017,1008020,1008021,1008022,1008023,1008024,1008025,1008028,1008030,1008031,1008033,1008034,1008035,1008036,1008037,1008038,1008039,1008040,1008046,1008047,1008048,1008049,1008050,1008052,1008056,1008057,1008058,1008059,1008062,1008063,1008064,1008065,1008066,1008067,1008068,1008069,1008070,1008071,1008072,1008073,1008077,1008078,1008079,1008082,1008083,1008084,1008085,1008086,1008087,1008089,1008090,1008091,1008093,1008102,1008103,1008104,1008105,1008107,1008109,1008111,1008112,1008113,1008116,1008118,1008119,1008121,1008122,1008124,1008127,1008129,1008130,1008131,1008132,1008146,1008149,1008150,1008151,1008152,1008153,1008154,1008155,1008156,1008158,1008159,1008160,1008163,1008164,1008165,1008166,1008168,1008170,1008171,1008172,1008175,1008179,1008183,1008184,1008185,1008187,1008188,1008189,1008190,1008191,1008193,1008195,1008199,1008200,1008204,1008205,1008206,1008207,1008211,1008212,1008213,1008214,1008215,1008216,1008218,1008237,1008240,1008245,1008246,1008247,1008248,1008254,1008256,1008257,1008265,1008266,1008269,1008270,1008276,1008277,1008278,1008279,1008281,1008285,1008286,1008287)' -NB
